#-----------------------------------------------------------
# Vivado v2018.3 (64-bit)
# SW Build 2405991 on Thu Dec  6 23:38:27 MST 2018
# IP Build 2404404 on Fri Dec  7 01:43:56 MST 2018
# Start of session at: Tue Feb 26 14:49:32 2019
# Process ID: 102576
# Current directory: C:/Users/franc/Documents/Mestrado/4º Ano/2º Semestre/AAC - Arquitetutra Avançada de Computadores/Laboratorio/Lab1
# Command line: vivado.exe -gui_launcher_event rodinguilauncherevent3244 C:\Users\franc\Documents\Mestrado\4º Ano\2º Semestre\AAC - Arquitetutra Avançada de Computadores\Laboratorio\Lab1\Lab1.xpr
# Log file: C:/Users/franc/Documents/Mestrado/4º Ano/2º Semestre/AAC - Arquitetutra Avançada de Computadores/Laboratorio/Lab1/vivado.log
# Journal file: C:/Users/franc/Documents/Mestrado/4º Ano/2º Semestre/AAC - Arquitetutra Avançada de Computadores/Laboratorio/Lab1\vivado.jou
#-----------------------------------------------------------
start_gui
open_project {C:/Users/franc/Documents/Mestrado/4º Ano/2º Semestre/AAC - Arquitetutra Avançada de Computadores/Laboratorio/Lab1/Lab1.xpr}
INFO: [ProjectBase 1-489] The host OS only allows 260 characters in a normal path. The project is stored in a path with more than 80 characters. If you experience issues with IP, Block Designs, or files not being found, please consider moving the project to a location with a shorter path. Alternately consider using the OS subst command to map part of the path to a drive letter.
Current project path is 'C:/Users/franc/Documents/Mestrado/4º Ano/2º Semestre/AAC - Arquitetutra Avançada de Computadores/Laboratorio/Lab1'
INFO: [Project 1-313] Project file moved from 'C:/Users/leone/OneDrive - Universidade de Lisboa/Ambiente de trabalho/AAC2019/leonel/labs 17-18/Lab1/Lab1' since last save.
Scanning sources...
Finished scanning sources
INFO: [IP_Flow 19-234] Refreshing IP repositories
INFO: [IP_Flow 19-1704] No user IP repositories specified
INFO: [IP_Flow 19-2313] Loaded Vivado IP repository 'C:/Xilinx/Vivado/2018.3/data/ip'.
open_project: Time (s): cpu = 00:00:24 ; elapsed = 00:00:16 . Memory (MB): peak = 773.574 ; gain = 211.461
update_compile_order -fileset sources_1
exit
INFO: [Common 17-206] Exiting Vivado at Tue Feb 26 14:51:52 2019...
